<?xml version="1.0" encoding="UTF-8"?>
<testsuites>
  <testsuite name="Tests\Unit\NFSe\NacionalProviderTest" file="/Users/johnsabba/Projects/Freeline/NotaAgil/fiscal-core/tests/Unit/NFSe/NacionalProviderTest.php" tests="13" assertions="52" errors="0" failures="0" skipped="0" time="0.022749">
    <testcase name="test_emitir_monta_xml_e_envia_para_endpoint_correto" file="/Users/johnsabba/Projects/Freeline/NotaAgil/fiscal-core/tests/Unit/NFSe/NacionalProviderTest.php" line="10" class="Tests\Unit\NFSe\NacionalProviderTest" classname="Tests.Unit.NFSe.NacionalProviderTest" assertions="9" time="0.014879"/>
    <testcase name="test_emitir_inclui_irrf_retido_na_tributacao_nacional" file="/Users/johnsabba/Projects/Freeline/NotaAgil/fiscal-core/tests/Unit/NFSe/NacionalProviderTest.php" line="33" class="Tests\Unit\NFSe\NacionalProviderTest" classname="Tests.Unit.NFSe.NacionalProviderTest" assertions="4" time="0.000968"/>
    <testcase name="test_dps_nacional_inclui_beneficio_municipal_quando_payload_tem_reducao" file="/Users/johnsabba/Projects/Freeline/NotaAgil/fiscal-core/tests/Unit/NFSe/NacionalProviderTest.php" line="58" class="Tests\Unit\NFSe\NacionalProviderTest" classname="Tests.Unit.NFSe.NacionalProviderTest" assertions="4" time="0.000534"/>
    <testcase name="test_emitir_normaliza_iss_retido_booleano_para_codigo_sefin" file="/Users/johnsabba/Projects/Freeline/NotaAgil/fiscal-core/tests/Unit/NFSe/NacionalProviderTest.php" line="85" class="Tests\Unit\NFSe\NacionalProviderTest" classname="Tests.Unit.NFSe.NacionalProviderTest" assertions="6" time="0.000907"/>
    <testcase name="test_emitir_preserva_dps_nos_artifacts_quando_transporte_falha" file="/Users/johnsabba/Projects/Freeline/NotaAgil/fiscal-core/tests/Unit/NFSe/NacionalProviderTest.php" line="115" class="Tests\Unit\NFSe\NacionalProviderTest" classname="Tests.Unit.NFSe.NacionalProviderTest" assertions="5" time="0.000467"/>
    <testcase name="test_cancelar_retorna_true_quando_resposta_indica_sucesso" file="/Users/johnsabba/Projects/Freeline/NotaAgil/fiscal-core/tests/Unit/NFSe/NacionalProviderTest.php" line="135" class="Tests\Unit\NFSe\NacionalProviderTest" classname="Tests.Unit.NFSe.NacionalProviderTest" assertions="3" time="0.000388"/>
    <testcase name="test_consultar_retorno_compnfse_com_xml_real" file="/Users/johnsabba/Projects/Freeline/NotaAgil/fiscal-core/tests/Unit/NFSe/NacionalProviderTest.php" line="151" class="Tests\Unit\NFSe\NacionalProviderTest" classname="Tests.Unit.NFSe.NacionalProviderTest" assertions="2" time="0.001212"/>
    <testcase name="test_consultar_por_rps_valida_campos_obrigatorios" file="/Users/johnsabba/Projects/Freeline/NotaAgil/fiscal-core/tests/Unit/NFSe/NacionalProviderTest.php" line="164" class="Tests\Unit\NFSe\NacionalProviderTest" classname="Tests.Unit.NFSe.NacionalProviderTest" assertions="1" time="0.000623"/>
    <testcase name="test_emitir_resolve_rota_por_servico_configurado" file="/Users/johnsabba/Projects/Freeline/NotaAgil/fiscal-core/tests/Unit/NFSe/NacionalProviderTest.php" line="172" class="Tests\Unit\NFSe\NacionalProviderTest" classname="Tests.Unit.NFSe.NacionalProviderTest" assertions="3" time="0.000539"/>
    <testcase name="test_dps_nacional_omite_codigo_municipal_fora_do_padrao_do_schema" file="/Users/johnsabba/Projects/Freeline/NotaAgil/fiscal-core/tests/Unit/NFSe/NacionalProviderTest.php" line="196" class="Tests\Unit\NFSe\NacionalProviderTest" classname="Tests.Unit.NFSe.NacionalProviderTest" assertions="4" time="0.000617"/>
    <testcase name="test_catalogo_resolve_rota_por_servico_configurado" file="/Users/johnsabba/Projects/Freeline/NotaAgil/fiscal-core/tests/Unit/NFSe/NacionalProviderTest.php" line="219" class="Tests\Unit\NFSe\NacionalProviderTest" classname="Tests.Unit.NFSe.NacionalProviderTest" assertions="3" time="0.001145"/>
    <testcase name="test_consulta_cnc_resolve_rota_por_servico" file="/Users/johnsabba/Projects/Freeline/NotaAgil/fiscal-core/tests/Unit/NFSe/NacionalProviderTest.php" line="252" class="Tests\Unit\NFSe\NacionalProviderTest" classname="Tests.Unit.NFSe.NacionalProviderTest" assertions="4" time="0.000284"/>
    <testcase name="test_consulta_cnc_contribuinte_e_habilitacao" file="/Users/johnsabba/Projects/Freeline/NotaAgil/fiscal-core/tests/Unit/NFSe/NacionalProviderTest.php" line="280" class="Tests\Unit\NFSe\NacionalProviderTest" classname="Tests.Unit.NFSe.NacionalProviderTest" assertions="4" time="0.000186"/>
  </testsuite>
</testsuites>
