<?xml version="1.0" encoding="UTF-8"?>
<testsuites>
  <testsuite name="/Users/johnsabba/Projects/Freeline/NotaAgil/fiscal-core/phpunit.xml" tests="92" assertions="438" errors="0" failures="0" skipped="0" time="5.165512">
    <testsuite name="NFSe" tests="92" assertions="438" errors="0" failures="0" skipped="0" time="5.165512">
      <testsuite name="Tests\Unit\NFSe\AbrasfV2ProviderTest" file="/Users/johnsabba/Projects/Freeline/NotaAgil/fiscal-core/tests/Unit/NFSe/AbrasfV2ProviderTest.php" tests="10" assertions="59" errors="0" failures="0" skipped="0" time="0.109978">
        <testcase name="testMontaXmlRpsAbrasfComLoteServicoPrestadorETomador" file="/Users/johnsabba/Projects/Freeline/NotaAgil/fiscal-core/tests/Unit/NFSe/AbrasfV2ProviderTest.php" line="19" class="Tests\Unit\NFSe\AbrasfV2ProviderTest" classname="Tests.Unit.NFSe.AbrasfV2ProviderTest" assertions="10" time="0.003751"/>
        <testcase name="testValidaCamposObrigatorios" file="/Users/johnsabba/Projects/Freeline/NotaAgil/fiscal-core/tests/Unit/NFSe/AbrasfV2ProviderTest.php" line="40" class="Tests\Unit\NFSe\AbrasfV2ProviderTest" classname="Tests.Unit.NFSe.AbrasfV2ProviderTest" assertions="2" time="0.001045"/>
        <testcase name="testProcessaRespostaAbrasfComNfseAutorizada" file="/Users/johnsabba/Projects/Freeline/NotaAgil/fiscal-core/tests/Unit/NFSe/AbrasfV2ProviderTest.php" line="52" class="Tests\Unit\NFSe\AbrasfV2ProviderTest" classname="Tests.Unit.NFSe.AbrasfV2ProviderTest" assertions="6" time="0.001194"/>
        <testcase name="testProcessaRespostaAbrasfComMensagemDeErro" file="/Users/johnsabba/Projects/Freeline/NotaAgil/fiscal-core/tests/Unit/NFSe/AbrasfV2ProviderTest.php" line="91" class="Tests\Unit\NFSe\AbrasfV2ProviderTest" classname="Tests.Unit.NFSe.AbrasfV2ProviderTest" assertions="2" time="0.000504"/>
        <testcase name="testEmitirDespachaSoapEGuardaArtefatos" file="/Users/johnsabba/Projects/Freeline/NotaAgil/fiscal-core/tests/Unit/NFSe/AbrasfV2ProviderTest.php" line="111" class="Tests\Unit\NFSe\AbrasfV2ProviderTest" classname="Tests.Unit.NFSe.AbrasfV2ProviderTest" assertions="6" time="0.003971"/>
        <testcase name="testEmitirAssinaXmlQuandoOperacaoEstaConfigurada" file="/Users/johnsabba/Projects/Freeline/NotaAgil/fiscal-core/tests/Unit/NFSe/AbrasfV2ProviderTest.php" line="132" class="Tests\Unit\NFSe\AbrasfV2ProviderTest" classname="Tests.Unit.NFSe.AbrasfV2ProviderTest" assertions="5" time="0.043398"/>
        <testcase name="testConsultarPorRpsDespachaSoapERetornaResultadoNormalizado" file="/Users/johnsabba/Projects/Freeline/NotaAgil/fiscal-core/tests/Unit/NFSe/AbrasfV2ProviderTest.php" line="167" class="Tests\Unit\NFSe\AbrasfV2ProviderTest" classname="Tests.Unit.NFSe.AbrasfV2ProviderTest" assertions="5" time="0.000922"/>
        <testcase name="testCancelarDespachaSoapERetornaSucesso" file="/Users/johnsabba/Projects/Freeline/NotaAgil/fiscal-core/tests/Unit/NFSe/AbrasfV2ProviderTest.php" line="193" class="Tests\Unit\NFSe\AbrasfV2ProviderTest" classname="Tests.Unit.NFSe.AbrasfV2ProviderTest" assertions="4" time="0.000234"/>
        <testcase name="testSubstituirDespachaSoapComPedidoCancelamentoERpsSubstitutoAssinados" file="/Users/johnsabba/Projects/Freeline/NotaAgil/fiscal-core/tests/Unit/NFSe/AbrasfV2ProviderTest.php" line="221" class="Tests\Unit\NFSe\AbrasfV2ProviderTest" classname="Tests.Unit.NFSe.AbrasfV2ProviderTest" assertions="12" time="0.045819"/>
        <testcase name="testAdapterExpoeResultadoNormalizadoDaSubstituicaoAbrasf" file="/Users/johnsabba/Projects/Freeline/NotaAgil/fiscal-core/tests/Unit/NFSe/AbrasfV2ProviderTest.php" line="276" class="Tests\Unit\NFSe\AbrasfV2ProviderTest" classname="Tests.Unit.NFSe.AbrasfV2ProviderTest" assertions="7" time="0.009141"/>
      </testsuite>
      <testsuite name="BelemMunicipalDocumentUrlBuilderTest" file="/Users/johnsabba/Projects/Freeline/NotaAgil/fiscal-core/tests/Unit/NFSe/BelemMunicipalDocumentUrlBuilderTest.php" tests="1" assertions="1" errors="0" failures="0" skipped="0" time="0.000315">
        <testcase name="testBuildCreatesOfficialBelemDanfseUrl" file="/Users/johnsabba/Projects/Freeline/NotaAgil/fiscal-core/tests/Unit/NFSe/BelemMunicipalDocumentUrlBuilderTest.php" line="10" class="BelemMunicipalDocumentUrlBuilderTest" classname="BelemMunicipalDocumentUrlBuilderTest" assertions="1" time="0.000315"/>
      </testsuite>
      <testsuite name="BelemMunicipalProviderTest" file="/Users/johnsabba/Projects/Freeline/NotaAgil/fiscal-core/tests/Unit/NFSe/BelemMunicipalProviderTest.php" tests="16" assertions="93" errors="0" failures="0" skipped="0" time="0.068715">
        <testcase name="testEmitirBuildsSignedSchemaValidRequestAndParsesSynchronousResponse" file="/Users/johnsabba/Projects/Freeline/NotaAgil/fiscal-core/tests/Unit/NFSe/BelemMunicipalProviderTest.php" line="21" class="BelemMunicipalProviderTest" classname="BelemMunicipalProviderTest" assertions="20" time="0.033077"/>
        <testcase name="testConsultarLoteBuildsSchemaValidRequestAndParsesResponse" file="/Users/johnsabba/Projects/Freeline/NotaAgil/fiscal-core/tests/Unit/NFSe/BelemMunicipalProviderTest.php" line="114" class="BelemMunicipalProviderTest" classname="BelemMunicipalProviderTest" assertions="10" time="0.002736"/>
        <testcase name="testConsultarNfsePorRpsBuildsSchemaValidRequestAndParsesResponse" file="/Users/johnsabba/Projects/Freeline/NotaAgil/fiscal-core/tests/Unit/NFSe/BelemMunicipalProviderTest.php" line="169" class="BelemMunicipalProviderTest" classname="BelemMunicipalProviderTest" assertions="6" time="0.002194"/>
        <testcase name="testConsultarByChaveBuildsSchemaValidRequestAndParsesResponse" file="/Users/johnsabba/Projects/Freeline/NotaAgil/fiscal-core/tests/Unit/NFSe/BelemMunicipalProviderTest.php" line="216" class="BelemMunicipalProviderTest" classname="BelemMunicipalProviderTest" assertions="8" time="0.002076"/>
        <testcase name="testConsultarLoteRetriesWithAlternativeSignatureVariantWhenFaultMentionsAssinatura" file="/Users/johnsabba/Projects/Freeline/NotaAgil/fiscal-core/tests/Unit/NFSe/BelemMunicipalProviderTest.php" line="262" class="BelemMunicipalProviderTest" classname="BelemMunicipalProviderTest" assertions="7" time="0.003610"/>
        <testcase name="testConsultarNfsePorRpsRetriesAllSignatureVariantsAndKeepsFailureArtifacts" file="/Users/johnsabba/Projects/Freeline/NotaAgil/fiscal-core/tests/Unit/NFSe/BelemMunicipalProviderTest.php" line="320" class="BelemMunicipalProviderTest" classname="BelemMunicipalProviderTest" assertions="11" time="0.004139"/>
        <testcase name="testConsultarByChaveRetriesWithAlternativeSignatureVariantWhenFaultMentionsAssinatura" file="/Users/johnsabba/Projects/Freeline/NotaAgil/fiscal-core/tests/Unit/NFSe/BelemMunicipalProviderTest.php" line="400" class="BelemMunicipalProviderTest" classname="BelemMunicipalProviderTest" assertions="4" time="0.003157"/>
        <testcase name="testCancelarNfseBuildsSchemaValidRequestAndParsesResponse" file="/Users/johnsabba/Projects/Freeline/NotaAgil/fiscal-core/tests/Unit/NFSe/BelemMunicipalProviderTest.php" line="446" class="BelemMunicipalProviderTest" classname="BelemMunicipalProviderTest" assertions="6" time="0.002841"/>
        <testcase name="testCancelarNfseReturnsFalseOnBusinessRejection" file="/Users/johnsabba/Projects/Freeline/NotaAgil/fiscal-core/tests/Unit/NFSe/BelemMunicipalProviderTest.php" line="485" class="BelemMunicipalProviderTest" classname="BelemMunicipalProviderTest" assertions="3" time="0.001778"/>
        <testcase name="testProcessaRespostaDaFixtureSanitizadaDeExportacao" file="/Users/johnsabba/Projects/Freeline/NotaAgil/fiscal-core/tests/Unit/NFSe/BelemMunicipalProviderTest.php" line="514" class="BelemMunicipalProviderTest" classname="BelemMunicipalProviderTest" assertions="5" time="0.001545"/>
        <testcase name="testProcessaRespostaComMensagemDeRejeicao" file="/Users/johnsabba/Projects/Freeline/NotaAgil/fiscal-core/tests/Unit/NFSe/BelemMunicipalProviderTest.php" line="534" class="BelemMunicipalProviderTest" classname="BelemMunicipalProviderTest" assertions="2" time="0.002426"/>
        <testcase name="testRejectsIncompatibleItemsForSingleBelmDocument" file="/Users/johnsabba/Projects/Freeline/NotaAgil/fiscal-core/tests/Unit/NFSe/BelemMunicipalProviderTest.php" line="559" class="BelemMunicipalProviderTest" classname="BelemMunicipalProviderTest" assertions="2" time="0.000948"/>
        <testcase name="testRejectsMeiOnMunicipalProvider" file="/Users/johnsabba/Projects/Freeline/NotaAgil/fiscal-core/tests/Unit/NFSe/BelemMunicipalProviderTest.php" line="579" class="BelemMunicipalProviderTest" classname="BelemMunicipalProviderTest" assertions="2" time="0.000914"/>
        <testcase name="testConsultaOperationsReusePrestadorContextFromPreviousEmission" file="/Users/johnsabba/Projects/Freeline/NotaAgil/fiscal-core/tests/Unit/NFSe/BelemMunicipalProviderTest.php" line="599" class="BelemMunicipalProviderTest" classname="BelemMunicipalProviderTest" assertions="1" time="0.003189"/>
        <testcase name="testConsultarPorRpsRequiresRequiredFields" file="/Users/johnsabba/Projects/Freeline/NotaAgil/fiscal-core/tests/Unit/NFSe/BelemMunicipalProviderTest.php" line="634" class="BelemMunicipalProviderTest" classname="BelemMunicipalProviderTest" assertions="2" time="0.000915"/>
        <testcase name="testHomologationDebugMasksSensitiveData" file="/Users/johnsabba/Projects/Freeline/NotaAgil/fiscal-core/tests/Unit/NFSe/BelemMunicipalProviderTest.php" line="657" class="BelemMunicipalProviderTest" classname="BelemMunicipalProviderTest" assertions="4" time="0.003170"/>
      </testsuite>
      <testsuite name="IsswebProviderTest" file="/Users/johnsabba/Projects/Freeline/NotaAgil/fiscal-core/tests/Unit/NFSe/IsswebProviderTest.php" tests="11" assertions="38" errors="0" failures="0" skipped="0" time="0.028374">
        <testcase name="testEmitirGeneratesSchemaValidXmlAndParsesSuccess" file="/Users/johnsabba/Projects/Freeline/NotaAgil/fiscal-core/tests/Unit/NFSe/IsswebProviderTest.php" line="16" class="IsswebProviderTest" classname="IsswebProviderTest" assertions="5" time="0.001483"/>
        <testcase name="testConsultarGeneratesSchemaValidXml" file="/Users/johnsabba/Projects/Freeline/NotaAgil/fiscal-core/tests/Unit/NFSe/IsswebProviderTest.php" line="35" class="IsswebProviderTest" classname="IsswebProviderTest" assertions="2" time="0.000491"/>
        <testcase name="testCancelarGeneratesSchemaValidXml" file="/Users/johnsabba/Projects/Freeline/NotaAgil/fiscal-core/tests/Unit/NFSe/IsswebProviderTest.php" line="51" class="IsswebProviderTest" classname="IsswebProviderTest" assertions="2" time="0.000442"/>
        <testcase name="testParsesRejectionResponse" file="/Users/johnsabba/Projects/Freeline/NotaAgil/fiscal-core/tests/Unit/NFSe/IsswebProviderTest.php" line="67" class="IsswebProviderTest" classname="IsswebProviderTest" assertions="2" time="0.000459"/>
        <testcase name="testThrowsWhenAuthKeyIsMissing" file="/Users/johnsabba/Projects/Freeline/NotaAgil/fiscal-core/tests/Unit/NFSe/IsswebProviderTest.php" line="79" class="IsswebProviderTest" classname="IsswebProviderTest" assertions="2" time="0.000071"/>
        <testcase name="testThrowsWhenEndpointIsMissing" file="/Users/johnsabba/Projects/Freeline/NotaAgil/fiscal-core/tests/Unit/NFSe/IsswebProviderTest.php" line="91" class="IsswebProviderTest" classname="IsswebProviderTest" assertions="2" time="0.000418"/>
        <testcase name="testRejectsMissingPrestadorInscricaoMunicipal" file="/Users/johnsabba/Projects/Freeline/NotaAgil/fiscal-core/tests/Unit/NFSe/IsswebProviderTest.php" line="104" class="IsswebProviderTest" classname="IsswebProviderTest" assertions="2" time="0.000088"/>
        <testcase name="testRioPretoDaEvaUsesSharedIsswebFamilyWithMunicipalCode" file="/Users/johnsabba/Projects/Freeline/NotaAgil/fiscal-core/tests/Unit/NFSe/IsswebProviderTest.php" line="116" class="IsswebProviderTest" classname="IsswebProviderTest" assertions="3" time="0.000839"/>
        <testcase name="testFacadeEmitirCompletoReturnsIsswebDocumentAndOfficialUrl" file="/Users/johnsabba/Projects/Freeline/NotaAgil/fiscal-core/tests/Unit/NFSe/IsswebProviderTest.php" line="136" class="IsswebProviderTest" classname="IsswebProviderTest" assertions="8" time="0.009242"/>
        <testcase name="testFacadeConsultarDisponibilidadeIsswebUsesConsultaAndOfficialUrl" file="/Users/johnsabba/Projects/Freeline/NotaAgil/fiscal-core/tests/Unit/NFSe/IsswebProviderTest.php" line="155" class="IsswebProviderTest" classname="IsswebProviderTest" assertions="6" time="0.007391"/>
        <testcase name="testFacadeBaixarDanfseIsswebReturnsOfficialUrl" file="/Users/johnsabba/Projects/Freeline/NotaAgil/fiscal-core/tests/Unit/NFSe/IsswebProviderTest.php" line="172" class="IsswebProviderTest" classname="IsswebProviderTest" assertions="4" time="0.007449"/>
      </testsuite>
      <testsuite name="JoinvilleMunicipalProviderTest" file="/Users/johnsabba/Projects/Freeline/NotaAgil/fiscal-core/tests/Unit/NFSe/JoinvilleMunicipalProviderTest.php" tests="16" assertions="97" errors="0" failures="0" skipped="0" time="0.220448">
        <testcase name="testEmitirBuildsSignedSchemaValidRequestAndParsesSoapResponse" file="/Users/johnsabba/Projects/Freeline/NotaAgil/fiscal-core/tests/Unit/NFSe/JoinvilleMunicipalProviderTest.php" line="23" class="JoinvilleMunicipalProviderTest" classname="JoinvilleMunicipalProviderTest" assertions="14" time="0.060799"/>
        <testcase name="testEmitirFallsBackToAsyncLoteWhenGerarNfseIsDiscontinued" file="/Users/johnsabba/Projects/Freeline/NotaAgil/fiscal-core/tests/Unit/NFSe/JoinvilleMunicipalProviderTest.php" line="84" class="JoinvilleMunicipalProviderTest" classname="JoinvilleMunicipalProviderTest" assertions="5" time="0.009894"/>
        <testcase name="testConsultarLoteBuildsSignedSchemaValidRequestAndParsesResponse" file="/Users/johnsabba/Projects/Freeline/NotaAgil/fiscal-core/tests/Unit/NFSe/JoinvilleMunicipalProviderTest.php" line="116" class="JoinvilleMunicipalProviderTest" classname="JoinvilleMunicipalProviderTest" assertions="10" time="0.007345"/>
        <testcase name="testConsultarPorRpsBuildsSignedSchemaValidRequestAndParsesResponse" file="/Users/johnsabba/Projects/Freeline/NotaAgil/fiscal-core/tests/Unit/NFSe/JoinvilleMunicipalProviderTest.php" line="161" class="JoinvilleMunicipalProviderTest" classname="JoinvilleMunicipalProviderTest" assertions="4" time="0.005177"/>
        <testcase name="testCancelarBuildsSignedSchemaValidRequestAndParsesResponse" file="/Users/johnsabba/Projects/Freeline/NotaAgil/fiscal-core/tests/Unit/NFSe/JoinvilleMunicipalProviderTest.php" line="193" class="JoinvilleMunicipalProviderTest" classname="JoinvilleMunicipalProviderTest" assertions="6" time="0.005141"/>
        <testcase name="testCancelarReturnsFalseOnBusinessRejection" file="/Users/johnsabba/Projects/Freeline/NotaAgil/fiscal-core/tests/Unit/NFSe/JoinvilleMunicipalProviderTest.php" line="230" class="JoinvilleMunicipalProviderTest" classname="JoinvilleMunicipalProviderTest" assertions="3" time="0.003244"/>
        <testcase name="testProcessaRespostaDaFixtureSanitizada" file="/Users/johnsabba/Projects/Freeline/NotaAgil/fiscal-core/tests/Unit/NFSe/JoinvilleMunicipalProviderTest.php" line="259" class="JoinvilleMunicipalProviderTest" classname="JoinvilleMunicipalProviderTest" assertions="3" time="0.001589"/>
        <testcase name="testProcessaRespostaComMensagemDeRejeicao" file="/Users/johnsabba/Projects/Freeline/NotaAgil/fiscal-core/tests/Unit/NFSe/JoinvilleMunicipalProviderTest.php" line="277" class="JoinvilleMunicipalProviderTest" classname="JoinvilleMunicipalProviderTest" assertions="2" time="0.003465"/>
        <testcase name="testEmitirComHtmlDeGatewayRetornaDiagnosticoDeTransporte" file="/Users/johnsabba/Projects/Freeline/NotaAgil/fiscal-core/tests/Unit/NFSe/JoinvilleMunicipalProviderTest.php" line="302" class="JoinvilleMunicipalProviderTest" classname="JoinvilleMunicipalProviderTest" assertions="9" time="0.003474"/>
        <testcase name="testEmitirComRedirectHttpRetornaDiagnosticoDeTransporte" file="/Users/johnsabba/Projects/Freeline/NotaAgil/fiscal-core/tests/Unit/NFSe/JoinvilleMunicipalProviderTest.php" line="337" class="JoinvilleMunicipalProviderTest" classname="JoinvilleMunicipalProviderTest" assertions="9" time="0.003488"/>
        <testcase name="testFacadeEmitirReturnsErrorOnJoinvilleGatewayHtml" file="/Users/johnsabba/Projects/Freeline/NotaAgil/fiscal-core/tests/Unit/NFSe/JoinvilleMunicipalProviderTest.php" line="389" class="JoinvilleMunicipalProviderTest" classname="JoinvilleMunicipalProviderTest" assertions="7" time="0.005217"/>
        <testcase name="testFacadeEmitirReturnsErrorOnJoinvilleHttpRedirect" file="/Users/johnsabba/Projects/Freeline/NotaAgil/fiscal-core/tests/Unit/NFSe/JoinvilleMunicipalProviderTest.php" line="419" class="JoinvilleMunicipalProviderTest" classname="JoinvilleMunicipalProviderTest" assertions="8" time="0.005199"/>
        <testcase name="testRejectsIncompatibleItems" file="/Users/johnsabba/Projects/Freeline/NotaAgil/fiscal-core/tests/Unit/NFSe/JoinvilleMunicipalProviderTest.php" line="458" class="JoinvilleMunicipalProviderTest" classname="JoinvilleMunicipalProviderTest" assertions="2" time="0.000980"/>
        <testcase name="testConsultarPorRpsRequiresRequiredFields" file="/Users/johnsabba/Projects/Freeline/NotaAgil/fiscal-core/tests/Unit/NFSe/JoinvilleMunicipalProviderTest.php" line="478" class="JoinvilleMunicipalProviderTest" classname="JoinvilleMunicipalProviderTest" assertions="2" time="0.000949"/>
        <testcase name="testHomologationDebugMasksSensitiveData" file="/Users/johnsabba/Projects/Freeline/NotaAgil/fiscal-core/tests/Unit/NFSe/JoinvilleMunicipalProviderTest.php" line="501" class="JoinvilleMunicipalProviderTest" classname="JoinvilleMunicipalProviderTest" assertions="4" time="0.004062"/>
        <testcase name="testFacadeEmitirCompletoReturnsAuthorizedJoinvilleDocumentAndLocalDanfse" file="/Users/johnsabba/Projects/Freeline/NotaAgil/fiscal-core/tests/Unit/NFSe/JoinvilleMunicipalProviderTest.php" line="537" class="JoinvilleMunicipalProviderTest" classname="JoinvilleMunicipalProviderTest" assertions="9" time="0.100423"/>
      </testsuite>
      <testsuite name="Tests\Unit\NFSe\NFSeAdapterFacadeNacionalTest" file="/Users/johnsabba/Projects/Freeline/NotaAgil/fiscal-core/tests/Unit/NFSe/NFSeAdapterFacadeNacionalTest.php" tests="4" assertions="24" errors="0" failures="0" skipped="0" time="0.686380">
        <testcase name="test_policy_nacional_nao_exige_codigo_municipal" file="/Users/johnsabba/Projects/Freeline/NotaAgil/fiscal-core/tests/Unit/NFSe/NFSeAdapterFacadeNacionalTest.php" line="19" class="Tests\Unit\NFSe\NFSeAdapterFacadeNacionalTest" classname="Tests.Unit.NFSe.NFSeAdapterFacadeNacionalTest" assertions="5" time="0.287582"/>
        <testcase name="test_adapter_lanca_erro_quando_provider_nao_suporta_capability_nacional" file="/Users/johnsabba/Projects/Freeline/NotaAgil/fiscal-core/tests/Unit/NFSe/NFSeAdapterFacadeNacionalTest.php" line="32" class="Tests\Unit\NFSe\NFSeAdapterFacadeNacionalTest" classname="Tests.Unit.NFSe.NFSeAdapterFacadeNacionalTest" assertions="2" time="0.001064"/>
        <testcase name="test_facade_retorna_fiscal_response_para_operacoes_nacionais" file="/Users/johnsabba/Projects/Freeline/NotaAgil/fiscal-core/tests/Unit/NFSe/NFSeAdapterFacadeNacionalTest.php" line="148" class="Tests\Unit\NFSe\NFSeAdapterFacadeNacionalTest" classname="Tests.Unit.NFSe.NFSeAdapterFacadeNacionalTest" assertions="13" time="0.395881"/>
        <testcase name="test_facade_bloqueia_emissao_legada_de_manaus_no_fluxo_nacional" file="/Users/johnsabba/Projects/Freeline/NotaAgil/fiscal-core/tests/Unit/NFSe/NFSeAdapterFacadeNacionalTest.php" line="311" class="Tests\Unit\NFSe\NFSeAdapterFacadeNacionalTest" classname="Tests.Unit.NFSe.NFSeAdapterFacadeNacionalTest" assertions="4" time="0.001853"/>
      </testsuite>
      <testsuite name="NFSeFacadeBootstrapTest" file="/Users/johnsabba/Projects/Freeline/NotaAgil/fiscal-core/tests/Unit/NFSe/NFSeFacadeBootstrapTest.php" tests="4" assertions="13" errors="0" failures="0" skipped="0" time="0.261542">
        <testcase name="testFacadeBootstrapsMunicipalRuntimeFromConfigAndCertificate" file="/Users/johnsabba/Projects/Freeline/NotaAgil/fiscal-core/tests/Unit/NFSe/NFSeFacadeBootstrapTest.php" line="62" class="NFSeFacadeBootstrapTest" classname="NFSeFacadeBootstrapTest" assertions="5" time="0.073741"/>
        <testcase name="testFacadeFailsClearlyWhenFiscalImIsMissingForMunicipalProvider" file="/Users/johnsabba/Projects/Freeline/NotaAgil/fiscal-core/tests/Unit/NFSe/NFSeFacadeBootstrapTest.php" line="84" class="NFSeFacadeBootstrapTest" classname="NFSeFacadeBootstrapTest" assertions="2" time="0.042490"/>
        <testcase name="testFacadeFailsClearlyWhenConfiguredCnpjDiffersFromCertificate" file="/Users/johnsabba/Projects/Freeline/NotaAgil/fiscal-core/tests/Unit/NFSe/NFSeFacadeBootstrapTest.php" line="102" class="NFSeFacadeBootstrapTest" classname="NFSeFacadeBootstrapTest" assertions="2" time="0.085220"/>
        <testcase name="testFacadePreservesRuntimeCertificateAlreadyLoadedBeforeBootstrap" file="/Users/johnsabba/Projects/Freeline/NotaAgil/fiscal-core/tests/Unit/NFSe/NFSeFacadeBootstrapTest.php" line="121" class="NFSeFacadeBootstrapTest" classname="NFSeFacadeBootstrapTest" assertions="4" time="0.060091"/>
      </testsuite>
      <testsuite name="Tests\Unit\NFSe\NFSeNationalOnlyModeTest" file="/Users/johnsabba/Projects/Freeline/NotaAgil/fiscal-core/tests/Unit/NFSe/NFSeNationalOnlyModeTest.php" tests="4" assertions="11" errors="0" failures="0" skipped="0" time="0.665546">
        <testcase name="test_resolver_retorna_nacional_para_blank_ou_fallback_e_preserva_rotas_ativas" file="/Users/johnsabba/Projects/Freeline/NotaAgil/fiscal-core/tests/Unit/NFSe/NFSeNationalOnlyModeTest.php" line="19" class="Tests\Unit\NFSe\NFSeNationalOnlyModeTest" classname="Tests.Unit.NFSe.NFSeNationalOnlyModeTest" assertions="3" time="0.131818"/>
        <testcase name="test_registry_faz_fallback_para_provider_nacional" file="/Users/johnsabba/Projects/Freeline/NotaAgil/fiscal-core/tests/Unit/NFSe/NFSeNationalOnlyModeTest.php" line="28" class="Tests\Unit\NFSe\NFSeNationalOnlyModeTest" classname="Tests.Unit.NFSe.NFSeNationalOnlyModeTest" assertions="1" time="0.132430"/>
        <testcase name="test_facade_sinaliza_deprecacao_de_municipio_no_metadata" file="/Users/johnsabba/Projects/Freeline/NotaAgil/fiscal-core/tests/Unit/NFSe/NFSeNationalOnlyModeTest.php" line="36" class="Tests\Unit\NFSe\NFSeNationalOnlyModeTest" classname="Tests.Unit.NFSe.NFSeNationalOnlyModeTest" assertions="4" time="0.399420"/>
        <testcase name="test_facade_default_sem_municipio_expresso_fica_no_fluxo_nacional" file="/Users/johnsabba/Projects/Freeline/NotaAgil/fiscal-core/tests/Unit/NFSe/NFSeNationalOnlyModeTest.php" line="77" class="Tests\Unit\NFSe\NFSeNationalOnlyModeTest" classname="Tests.Unit.NFSe.NFSeNationalOnlyModeTest" assertions="3" time="0.001878"/>
      </testsuite>
      <testsuite name="Tests\Unit\NFSe\NFSeRuntimeBootstrapTest" file="/Users/johnsabba/Projects/Freeline/NotaAgil/fiscal-core/tests/Unit/NFSe/NFSeRuntimeBootstrapTest.php" tests="1" assertions="5" errors="0" failures="0" skipped="0" time="0.001031">
        <testcase name="test_make_provider_preserves_runtime_environment_without_reloading_config" file="/Users/johnsabba/Projects/Freeline/NotaAgil/fiscal-core/tests/Unit/NFSe/NFSeRuntimeBootstrapTest.php" line="19" class="Tests\Unit\NFSe\NFSeRuntimeBootstrapTest" classname="Tests.Unit.NFSe.NFSeRuntimeBootstrapTest" assertions="5" time="0.001031"/>
      </testsuite>
      <testsuite name="Tests\Unit\NFSe\NacionalCatalogServiceTest" file="/Users/johnsabba/Projects/Freeline/NotaAgil/fiscal-core/tests/Unit/NFSe/NacionalCatalogServiceTest.php" tests="2" assertions="9" errors="0" failures="0" skipped="0" time="2.007067">
        <testcase name="test_lista_municipios_com_cache_hit_e_miss" file="/Users/johnsabba/Projects/Freeline/NotaAgil/fiscal-core/tests/Unit/NFSe/NacionalCatalogServiceTest.php" line="11" class="Tests\Unit\NFSe\NacionalCatalogServiceTest" classname="Tests.Unit.NFSe.NacionalCatalogServiceTest" assertions="6" time="0.000754"/>
        <testcase name="test_retorna_cache_stale_quando_falha_remota" file="/Users/johnsabba/Projects/Freeline/NotaAgil/fiscal-core/tests/Unit/NFSe/NacionalCatalogServiceTest.php" line="43" class="Tests\Unit\NFSe\NacionalCatalogServiceTest" classname="Tests.Unit.NFSe.NacionalCatalogServiceTest" assertions="3" time="2.006313"/>
      </testsuite>
      <testsuite name="Tests\Unit\NFSe\NacionalProviderTest" file="/Users/johnsabba/Projects/Freeline/NotaAgil/fiscal-core/tests/Unit/NFSe/NacionalProviderTest.php" tests="9" assertions="32" errors="0" failures="0" skipped="0" time="0.020193">
        <testcase name="test_emitir_monta_xml_e_envia_para_endpoint_correto" file="/Users/johnsabba/Projects/Freeline/NotaAgil/fiscal-core/tests/Unit/NFSe/NacionalProviderTest.php" line="10" class="Tests\Unit\NFSe\NacionalProviderTest" classname="Tests.Unit.NFSe.NacionalProviderTest" assertions="8" time="0.007752"/>
        <testcase name="test_cancelar_retorna_true_quando_resposta_indica_sucesso" file="/Users/johnsabba/Projects/Freeline/NotaAgil/fiscal-core/tests/Unit/NFSe/NacionalProviderTest.php" line="32" class="Tests\Unit\NFSe\NacionalProviderTest" classname="Tests.Unit.NFSe.NacionalProviderTest" assertions="3" time="0.002907"/>
        <testcase name="test_consultar_retorno_compnfse_com_xml_real" file="/Users/johnsabba/Projects/Freeline/NotaAgil/fiscal-core/tests/Unit/NFSe/NacionalProviderTest.php" line="48" class="Tests\Unit\NFSe\NacionalProviderTest" classname="Tests.Unit.NFSe.NacionalProviderTest" assertions="2" time="0.003490"/>
        <testcase name="test_consultar_por_rps_valida_campos_obrigatorios" file="/Users/johnsabba/Projects/Freeline/NotaAgil/fiscal-core/tests/Unit/NFSe/NacionalProviderTest.php" line="61" class="Tests\Unit\NFSe\NacionalProviderTest" classname="Tests.Unit.NFSe.NacionalProviderTest" assertions="1" time="0.000564"/>
        <testcase name="test_emitir_resolve_rota_por_servico_configurado" file="/Users/johnsabba/Projects/Freeline/NotaAgil/fiscal-core/tests/Unit/NFSe/NacionalProviderTest.php" line="69" class="Tests\Unit\NFSe\NacionalProviderTest" classname="Tests.Unit.NFSe.NacionalProviderTest" assertions="3" time="0.001099"/>
        <testcase name="test_dps_nacional_omite_codigo_municipal_fora_do_padrao_do_schema" file="/Users/johnsabba/Projects/Freeline/NotaAgil/fiscal-core/tests/Unit/NFSe/NacionalProviderTest.php" line="93" class="Tests\Unit\NFSe\NacionalProviderTest" classname="Tests.Unit.NFSe.NacionalProviderTest" assertions="4" time="0.001447"/>
        <testcase name="test_catalogo_resolve_rota_por_servico_configurado" file="/Users/johnsabba/Projects/Freeline/NotaAgil/fiscal-core/tests/Unit/NFSe/NacionalProviderTest.php" line="116" class="Tests\Unit\NFSe\NacionalProviderTest" classname="Tests.Unit.NFSe.NacionalProviderTest" assertions="3" time="0.002057"/>
        <testcase name="test_consulta_cnc_resolve_rota_por_servico" file="/Users/johnsabba/Projects/Freeline/NotaAgil/fiscal-core/tests/Unit/NFSe/NacionalProviderTest.php" line="149" class="Tests\Unit\NFSe\NacionalProviderTest" classname="Tests.Unit.NFSe.NacionalProviderTest" assertions="4" time="0.000451"/>
        <testcase name="test_consulta_cnc_contribuinte_e_habilitacao" file="/Users/johnsabba/Projects/Freeline/NotaAgil/fiscal-core/tests/Unit/NFSe/NacionalProviderTest.php" line="177" class="Tests\Unit\NFSe\NacionalProviderTest" classname="Tests.Unit.NFSe.NacionalProviderTest" assertions="4" time="0.000426"/>
      </testsuite>
      <testsuite name="PilotProviderXmlValidationTest" file="/Users/johnsabba/Projects/Freeline/NotaAgil/fiscal-core/tests/Unit/NFSe/PilotProviderXmlValidationTest.php" tests="6" assertions="12" errors="0" failures="0" skipped="0" time="0.016685">
        <testsuite name="PilotProviderXmlValidationTest::testPilotProviderGeneratesSchemaValidXml" tests="3" assertions="6" errors="0" failures="0" skipped="0" time="0.015609">
          <testcase name="testPilotProviderGeneratesSchemaValidXml with data set &quot;belem&quot;" file="/Users/johnsabba/Projects/Freeline/NotaAgil/fiscal-core/tests/Unit/NFSe/PilotProviderXmlValidationTest.php" line="22" class="PilotProviderXmlValidationTest" classname="PilotProviderXmlValidationTest" assertions="2" time="0.005850"/>
          <testcase name="testPilotProviderGeneratesSchemaValidXml with data set &quot;manaus&quot;" file="/Users/johnsabba/Projects/Freeline/NotaAgil/fiscal-core/tests/Unit/NFSe/PilotProviderXmlValidationTest.php" line="22" class="PilotProviderXmlValidationTest" classname="PilotProviderXmlValidationTest" assertions="2" time="0.000903"/>
          <testcase name="testPilotProviderGeneratesSchemaValidXml with data set &quot;joinville&quot;" file="/Users/johnsabba/Projects/Freeline/NotaAgil/fiscal-core/tests/Unit/NFSe/PilotProviderXmlValidationTest.php" line="22" class="PilotProviderXmlValidationTest" classname="PilotProviderXmlValidationTest" assertions="2" time="0.008856"/>
        </testsuite>
        <testsuite name="PilotProviderXmlValidationTest::testPilotProviderRejectsMissingRequiredField" tests="3" assertions="6" errors="0" failures="0" skipped="0" time="0.001076">
          <testcase name="testPilotProviderRejectsMissingRequiredField with data set &quot;belem&quot;" file="/Users/johnsabba/Projects/Freeline/NotaAgil/fiscal-core/tests/Unit/NFSe/PilotProviderXmlValidationTest.php" line="102" class="PilotProviderXmlValidationTest" classname="PilotProviderXmlValidationTest" assertions="2" time="0.000460"/>
          <testcase name="testPilotProviderRejectsMissingRequiredField with data set &quot;manaus&quot;" file="/Users/johnsabba/Projects/Freeline/NotaAgil/fiscal-core/tests/Unit/NFSe/PilotProviderXmlValidationTest.php" line="102" class="PilotProviderXmlValidationTest" classname="PilotProviderXmlValidationTest" assertions="2" time="0.000234"/>
          <testcase name="testPilotProviderRejectsMissingRequiredField with data set &quot;joinville&quot;" file="/Users/johnsabba/Projects/Freeline/NotaAgil/fiscal-core/tests/Unit/NFSe/PilotProviderXmlValidationTest.php" line="102" class="PilotProviderXmlValidationTest" classname="PilotProviderXmlValidationTest" assertions="2" time="0.000381"/>
        </testsuite>
      </testsuite>
      <testsuite name="ProviderConfigTest" file="/Users/johnsabba/Projects/Freeline/NotaAgil/fiscal-core/tests/Unit/NFSe/ProviderConfigTest.php" tests="8" assertions="44" errors="0" failures="0" skipped="0" time="1.079237">
        <testcase name="testFacadeLoadsPilotProviderInfoForBelem" file="/Users/johnsabba/Projects/Freeline/NotaAgil/fiscal-core/tests/Unit/NFSe/ProviderConfigTest.php" line="53" class="ProviderConfigTest" classname="ProviderConfigTest" assertions="5" time="0.038604"/>
        <testcase name="testFacadeListsActiveMunicipiosFromCurrentCatalog" file="/Users/johnsabba/Projects/Freeline/NotaAgil/fiscal-core/tests/Unit/NFSe/ProviderConfigTest.php" line="67" class="ProviderConfigTest" classname="ProviderConfigTest" assertions="9" time="0.040776"/>
        <testcase name="testFacadeMapsJoinvilleToPublica" file="/Users/johnsabba/Projects/Freeline/NotaAgil/fiscal-core/tests/Unit/NFSe/ProviderConfigTest.php" line="85" class="ProviderConfigTest" classname="ProviderConfigTest" assertions="5" time="0.030784"/>
        <testcase name="testFacadeFallsBackToNationalForUnknownMunicipio" file="/Users/johnsabba/Projects/Freeline/NotaAgil/fiscal-core/tests/Unit/NFSe/ProviderConfigTest.php" line="99" class="ProviderConfigTest" classname="ProviderConfigTest" assertions="4" time="0.815142"/>
        <testcase name="testFacadeMapsPresidenteFigueiredoToIssweb" file="/Users/johnsabba/Projects/Freeline/NotaAgil/fiscal-core/tests/Unit/NFSe/ProviderConfigTest.php" line="112" class="ProviderConfigTest" classname="ProviderConfigTest" assertions="5" time="0.034614"/>
        <testcase name="testFacadeMapsRioPretoDaEvaToIssweb" file="/Users/johnsabba/Projects/Freeline/NotaAgil/fiscal-core/tests/Unit/NFSe/ProviderConfigTest.php" line="126" class="ProviderConfigTest" classname="ProviderConfigTest" assertions="5" time="0.059414"/>
        <testcase name="testFacadeMapsManausToNationalProvider" file="/Users/johnsabba/Projects/Freeline/NotaAgil/fiscal-core/tests/Unit/NFSe/ProviderConfigTest.php" line="140" class="ProviderConfigTest" classname="ProviderConfigTest" assertions="5" time="0.026905"/>
        <testcase name="testFacadeHomologationReadinessUsesNationalProviderConfigForManaus" file="/Users/johnsabba/Projects/Freeline/NotaAgil/fiscal-core/tests/Unit/NFSe/ProviderConfigTest.php" line="154" class="ProviderConfigTest" classname="ProviderConfigTest" assertions="6" time="0.032999"/>
      </testsuite>
    </testsuite>
  </testsuite>
</testsuites>
